Determining if the pthread_create exist failed with the following output:
Change Dir: /home/pascal/tf/cmake-build-debug/CMakeFiles/CMakeTmp

Run Build Command:"/usr/bin/make" "cmTC_a6d4c/fast"
/usr/bin/make -f CMakeFiles/cmTC_a6d4c.dir/build.make CMakeFiles/cmTC_a6d4c.dir/build
make[1]: Entering directory '/home/pascal/tf/cmake-build-debug/CMakeFiles/CMakeTmp'
Building C object CMakeFiles/cmTC_a6d4c.dir/CheckSymbolExists.c.o
/usr/bin/cc   -fPIC  -fPIE   -o CMakeFiles/cmTC_a6d4c.dir/CheckSymbolExists.c.o   -c /home/pascal/tf/cmake-build-debug/CMakeFiles/CMakeTmp/CheckSymbolExists.c
Linking C executable cmTC_a6d4c
/snap/clion/57/bin/cmake/linux/bin/cmake -E cmake_link_script CMakeFiles/cmTC_a6d4c.dir/link.txt --verbose=1
/usr/bin/cc -fPIC     -rdynamic CMakeFiles/cmTC_a6d4c.dir/CheckSymbolExists.c.o  -o cmTC_a6d4c 
CMakeFiles/cmTC_a6d4c.dir/CheckSymbolExists.c.o: In function `main':
CheckSymbolExists.c:(.text+0x1b): undefined reference to `pthread_create'
collect2: error: ld returned 1 exit status
CMakeFiles/cmTC_a6d4c.dir/build.make:86: recipe for target 'cmTC_a6d4c' failed
make[1]: *** [cmTC_a6d4c] Error 1
make[1]: Leaving directory '/home/pascal/tf/cmake-build-debug/CMakeFiles/CMakeTmp'
Makefile:121: recipe for target 'cmTC_a6d4c/fast' failed
make: *** [cmTC_a6d4c/fast] Error 2

File /home/pascal/tf/cmake-build-debug/CMakeFiles/CMakeTmp/CheckSymbolExists.c:
/* */
#include <pthread.h>

int main(int argc, char** argv)
{
  (void)argv;
#ifndef pthread_create
  return ((int*)(&pthread_create))[argc];
#else
  (void)argc;
  return 0;
#endif
}

Determining if the function pthread_create exists in the pthreads failed with the following output:
Change Dir: /home/pascal/tf/cmake-build-debug/CMakeFiles/CMakeTmp

Run Build Command:"/usr/bin/make" "cmTC_5960a/fast"
/usr/bin/make -f CMakeFiles/cmTC_5960a.dir/build.make CMakeFiles/cmTC_5960a.dir/build
make[1]: Entering directory '/home/pascal/tf/cmake-build-debug/CMakeFiles/CMakeTmp'
Building C object CMakeFiles/cmTC_5960a.dir/CheckFunctionExists.c.o
/usr/bin/cc   -fPIC -DCHECK_FUNCTION_EXISTS=pthread_create -fPIE   -o CMakeFiles/cmTC_5960a.dir/CheckFunctionExists.c.o   -c /snap/clion/57/bin/cmake/linux/share/cmake-3.13/Modules/CheckFunctionExists.c
Linking C executable cmTC_5960a
/snap/clion/57/bin/cmake/linux/bin/cmake -E cmake_link_script CMakeFiles/cmTC_5960a.dir/link.txt --verbose=1
/usr/bin/cc -fPIC -DCHECK_FUNCTION_EXISTS=pthread_create    -rdynamic CMakeFiles/cmTC_5960a.dir/CheckFunctionExists.c.o  -o cmTC_5960a -lpthreads 
/usr/bin/ld: cannot find -lpthreads
collect2: error: ld returned 1 exit status
CMakeFiles/cmTC_5960a.dir/build.make:86: recipe for target 'cmTC_5960a' failed
make[1]: *** [cmTC_5960a] Error 1
make[1]: Leaving directory '/home/pascal/tf/cmake-build-debug/CMakeFiles/CMakeTmp'
Makefile:121: recipe for target 'cmTC_5960a/fast' failed
make: *** [cmTC_5960a/fast] Error 2


